<?xml version="1.0" encoding="UTF-8"?>
<!-- Generated by org.testng.reporters.JUnitReportReporter -->
<testsuite hostname="LAPTOP-1E5DVH6K" failures="0" tests="2" name="com.Redipae.Testcases.UploadForm16" time="0.000" errors="0" timestamp="2022-09-01T18:04:44 IST" skipped="2">
  <testcase classname="com.Redipae.Testcases.UploadForm16" name="uploadform16" time="0.000">
    <skipped/>
  </testcase> <!-- uploadform16 -->
  <system-out/>
  <testcase classname="com.Redipae.Testcases.UploadForm16" name="NegativeTest" time="0.000">
    <skipped/>
  </testcase> <!-- NegativeTest -->
  <system-out/>
</testsuite> <!-- com.Redipae.Testcases.UploadForm16 -->
