<?xml version="1.0" encoding="UTF-8"?>
<!-- Generated by org.testng.reporters.JUnitReportReporter -->
<testsuite hostname="LAPTOP-1E5DVH6K" failures="0" tests="1" name="com.Redipae.Testcases.Retailerstatus" time="0.000" errors="0" timestamp="2022-09-01T18:04:44 IST" skipped="1">
  <testcase classname="com.Redipae.Testcases.Retailerstatus" name="retailerstatus" time="0.000">
    <skipped/>
  </testcase> <!-- retailerstatus -->
  <system-out/>
</testsuite> <!-- com.Redipae.Testcases.Retailerstatus -->
