<?xml version="1.0" encoding="UTF-8"?>
<!-- Generated by org.testng.reporters.JUnitReportReporter -->
<testsuite hostname="LAPTOP-1E5DVH6K" failures="0" tests="3" name="com.Redipae.Testcases.UploadPayout" time="0.000" errors="0" timestamp="2022-09-01T18:04:44 IST" skipped="3">
  <testcase classname="com.Redipae.Testcases.UploadPayout" name="uploadpayout" time="0.000">
    <skipped/>
  </testcase> <!-- uploadpayout -->
  <system-out/>
  <testcase classname="com.Redipae.Testcases.UploadPayout" name="negativetest" time="0.000">
    <skipped/>
  </testcase> <!-- negativetest -->
  <system-out/>
  <testcase classname="com.Redipae.Testcases.UploadPayout" name="negativetestPDF" time="0.000">
    <skipped/>
  </testcase> <!-- negativetestPDF -->
  <system-out/>
</testsuite> <!-- com.Redipae.Testcases.UploadPayout -->
