<?xml version="1.0" encoding="UTF-8"?>
<!-- Generated by org.testng.reporters.JUnitReportReporter -->
<testsuite hostname="LAPTOP-1E5DVH6K" failures="0" tests="6" name="com.Redipae.Testcases.RetailerMaster" time="0.000" errors="0" timestamp="2022-09-01T18:04:44 IST" skipped="6">
  <testcase classname="com.Redipae.Testcases.RetailerMaster" name="ESCLATION" time="0.000">
    <skipped/>
  </testcase> <!-- ESCLATION -->
  <system-out/>
  <testcase classname="com.Redipae.Testcases.RetailerMaster" name="Auditorscreen" time="0.000">
    <skipped/>
  </testcase> <!-- Auditorscreen -->
  <system-out/>
  <testcase classname="com.Redipae.Testcases.RetailerMaster" name="NegativetestforRejection" time="0.000">
    <skipped/>
  </testcase> <!-- NegativetestforRejection -->
  <system-out/>
  <testcase classname="com.Redipae.Testcases.RetailerMaster" name="RegressionTest" time="0.000">
    <skipped/>
  </testcase> <!-- RegressionTest -->
  <system-out/>
  <testcase classname="com.Redipae.Testcases.RetailerMaster" name="Rejecttheretailerretailer" time="0.000">
    <skipped/>
  </testcase> <!-- Rejecttheretailerretailer -->
  <system-out/>
  <testcase classname="com.Redipae.Testcases.RetailerMaster" name="ApproveRetailer" time="0.000">
    <skipped/>
  </testcase> <!-- ApproveRetailer -->
  <system-out/>
</testsuite> <!-- com.Redipae.Testcases.RetailerMaster -->
