<?xml version="1.0" encoding="UTF-8"?>
<!-- Generated by org.testng.reporters.JUnitReportReporter -->
<testsuite hostname="LAPTOP-1E5DVH6K" failures="0" tests="2" name="com.Redipae.Testcases.Uploadbanksidereject" time="0.000" errors="0" timestamp="2022-09-01T18:04:44 IST" skipped="2">
  <testcase classname="com.Redipae.Testcases.Uploadbanksidereject" name="uploadbanksidereject" time="0.000">
    <skipped/>
  </testcase> <!-- uploadbanksidereject -->
  <system-out/>
  <testcase classname="com.Redipae.Testcases.Uploadbanksidereject" name="negativetest" time="0.000">
    <skipped/>
  </testcase> <!-- negativetest -->
  <system-out/>
</testsuite> <!-- com.Redipae.Testcases.Uploadbanksidereject -->
