<?xml version="1.0" encoding="UTF-8"?>
<!-- Generated by org.testng.reporters.JUnitReportReporter -->
<testsuite hostname="LAPTOP-1E5DVH6K" failures="0" tests="2" name="com.Redipae.Testcases.UploadBranch" time="0.000" errors="0" timestamp="2022-09-01T18:04:44 IST" skipped="2">
  <testcase classname="com.Redipae.Testcases.UploadBranch" name="uploadBranch" time="0.000">
    <skipped/>
  </testcase> <!-- uploadBranch -->
  <system-out/>
  <testcase classname="com.Redipae.Testcases.UploadBranch" name="FailureTest" time="0.000">
    <skipped/>
  </testcase> <!-- FailureTest -->
  <system-out/>
</testsuite> <!-- com.Redipae.Testcases.UploadBranch -->
