<?xml version="1.0" encoding="UTF-8"?>
<!-- Generated by org.testng.reporters.JUnitReportReporter -->
<testsuite hostname="LAPTOP-1E5DVH6K" failures="0" tests="1" name="com.Redipae.Testcases.LoginTest" time="1.462" errors="0" timestamp="2022-09-08T18:29:32 IST" skipped="0">
  <testcase classname="com.Redipae.Testcases.LoginTest" name="TC_001_VerifyWithValidCredentials" time="1.462"/>
  <system-out/>
</testsuite> <!-- com.Redipae.Testcases.LoginTest -->
